<?xml version="1.0" encoding="UTF-8"?>
<!-- Generated by org.testng.reporters.JUnitReportReporter -->
<testsuite hostname="ASDW0060" name="com.qait.automation.SnL_Test.Board_Test" tests="5" failures="0" timestamp="25 Jun 2018 14:08:40 GMT" time="0.125" errors="0">
  <testcase name="testPlayerUuidExist" time="0.031" classname="com.qait.automation.SnL_Test.Board_Test"/>
  <testcase name="testInvalidTurnOfPlayer" time="0.047" classname="com.qait.automation.SnL_Test.Board_Test"/>
  <testcase name="testToRegisterWhileGameInProgress" time="0.015" classname="com.qait.automation.SnL_Test.Board_Test"/>
  <testcase name="testMaxPlayer" time="0.016" classname="com.qait.automation.SnL_Test.Board_Test"/>
  <testcase name="testToRegisterWithSameName" time="0.016" classname="com.qait.automation.SnL_Test.Board_Test"/>
</testsuite> <!-- com.qait.automation.SnL_Test.Board_Test -->
