<?xml version="1.0" encoding="UTF-8"?>
<!-- Generated by org.testng.reporters.JUnitReportReporter -->
<testsuite hostname="ASDW0060" name="com.qait.automation.SnL_Test.Board_Test" tests="5" failures="0" timestamp="25 Jun 2018 13:27:48 GMT" time="0.107" errors="0">
  <testcase name="testPlayerUuidExist" time="0.018" classname="com.qait.automation.SnL_Test.Board_Test"/>
  <testcase name="testInvalidTurnOfPlayer" time="0.036" classname="com.qait.automation.SnL_Test.Board_Test"/>
  <testcase name="testToRegisterWhileGameInProgress" time="0.011" classname="com.qait.automation.SnL_Test.Board_Test"/>
  <testcase name="testMaxPlayer" time="0.020" classname="com.qait.automation.SnL_Test.Board_Test"/>
  <testcase name="testToRegisterWithSameName" time="0.022" classname="com.qait.automation.SnL_Test.Board_Test"/>
</testsuite> <!-- com.qait.automation.SnL_Test.Board_Test -->
